<?xml version="1.0" encoding="UTF-8"?>
<testsuite name="com.project.api.ServiceAPITest" tests="2" skipped="0" failures="0" errors="0" timestamp="2024-10-17T10:06:54" hostname="DESKTOP-11A41V8" time="0.011">
  <properties/>
  <testcase name="testHealthCheck_CallCountIncrements()" classname="com.project.api.ServiceAPITest" time="0.008"/>
  <testcase name="testHealthCheck()" classname="com.project.api.ServiceAPITest" time="0.002"/>
  <system-out><![CDATA[]]></system-out>
  <system-err><![CDATA[]]></system-err>
</testsuite>
