<?xml version="1.0" encoding="UTF-8"?>
<testsuite name="com.project.domain.CustomerFactoryTest" tests="2" skipped="0" failures="0" errors="0" timestamp="2024-10-17T10:06:54" hostname="DESKTOP-11A41V8" time="0.007">
  <properties/>
  <testcase name="testGetCustomerAsJSONString()" classname="com.project.domain.CustomerFactoryTest" time="0.006"/>
  <testcase name="testGetCustomer()" classname="com.project.domain.CustomerFactoryTest" time="0.001"/>
  <system-out><![CDATA[]]></system-out>
  <system-err><![CDATA[]]></system-err>
</testsuite>
