<?xml version="1.0" encoding="UTF-8"?>
<testsuite name="com.project.api.TokenAPITest" tests="4" skipped="0" failures="0" errors="0" timestamp="2024-10-17T10:06:51" hostname="DESKTOP-11A41V8" time="1.073">
  <properties/>
  <testcase name="testCheckPassword_Invalid()" classname="com.project.api.TokenAPITest" time="1.016"/>
  <testcase name="testGetAll()" classname="com.project.api.TokenAPITest" time="0.007"/>
  <testcase name="testCheckPassword_Valid()" classname="com.project.api.TokenAPITest" time="0.005"/>
  <testcase name="testCreateTokenForCustomer_InvalidCustomer()" classname="com.project.api.TokenAPITest" time="0.038"/>
  <system-out><![CDATA[]]></system-out>
  <system-err><![CDATA[WARNING: A Java agent has been loaded dynamically (C:\Users\44784\.gradle\caches\modules-2\files-2.1\net.bytebuddy\byte-buddy-agent\1.14.12\be4984cb6fd1ef1d11f218a648889dfda44b8a15\byte-buddy-agent-1.14.12.jar)
WARNING: If a serviceability tool is in use, please run with -XX:+EnableDynamicAgentLoading to hide this warning
WARNING: If a serviceability tool is not in use, please run with -Djdk.instrument.traceUsage for more information
WARNING: Dynamic loading of agents will be disallowed by default in a future release
]]></system-err>
</testsuite>
